<?xml version="1.0" encoding="UTF-8"?>
<!-- Generated by org.testng.reporters.JUnitReportReporter -->
<testsuite hostname="waqass-mbp.lan" failures="0" tests="1" name="com.example.TestRunner" time="4.674" errors="0" timestamp="2021-03-20T19:59:46 EDT" skipped="0">
  <testcase classname="com.example.TestRunner" name="runScenario" time="4.674"/>
  <system-out/>
</testsuite> <!-- com.example.TestRunner -->
